# Context

Collected deterministically by `keryx flow init` at 2026-07-22T12:05:44.339Z.
The flow-init skill enriches this with formalization, brainstorm results, and
interview answers.

## Related Memory

- [accepted/lesson] OpenTUI: alignSelf on a transcript box collapses its intrinsic height - `.metaproject/memory/lessons/tui-alignself-height-collapse.md`

## Code Graph

- `.metaproject/data/gdgraph/artifacts/summary.md`
- `.metaproject/data/gdgraph/artifacts/module-map.json`

Use `keryx gdgraph affected <file>` for blast radius.

## Code Health

- gate: pass (as of 2026-07-21T23:24:45.160Z)
- refresh: `keryx health run`

## Enabled Metaproject Modules

- gdgraph
- gdctx
- gdskills
- memory
- tasks
- health
- testing
- gdwiki
- security

## Agent Findings

_(flow-init skill appends here)_
